mode: set
github.com/huseyinbabal/hazelcast-cloud-sdk-go-new/graphql/graphql.go:13.126,14.17 1 1
github.com/huseyinbabal/hazelcast-cloud-sdk-go-new/graphql/graphql.go:14.17,20.3 1 1
github.com/huseyinbabal/hazelcast-cloud-sdk-go-new/graphql/graphql.go:20.8,20.25 1 1
github.com/huseyinbabal/hazelcast-cloud-sdk-go-new/graphql/graphql.go:20.25,28.3 3 1
github.com/huseyinbabal/hazelcast-cloud-sdk-go-new/graphql/graphql.go:28.8,33.3 1 1
github.com/huseyinbabal/hazelcast-cloud-sdk-go-new/graphql/graphql.go:37.48,41.2 3 1
github.com/huseyinbabal/hazelcast-cloud-sdk-go-new/graphql/graphql.go:44.68,46.27 2 1
github.com/huseyinbabal/hazelcast-cloud-sdk-go-new/graphql/graphql.go:46.27,48.3 1 1
github.com/huseyinbabal/hazelcast-cloud-sdk-go-new/graphql/graphql.go:48.8,48.35 1 1
github.com/huseyinbabal/hazelcast-cloud-sdk-go-new/graphql/graphql.go:48.35,50.37 2 1
github.com/huseyinbabal/hazelcast-cloud-sdk-go-new/graphql/graphql.go:58.3,58.32 1 1
github.com/huseyinbabal/hazelcast-cloud-sdk-go-new/graphql/graphql.go:50.37,51.14 1 1
github.com/huseyinbabal/hazelcast-cloud-sdk-go-new/graphql/graphql.go:54.4,56.40 3 1
github.com/huseyinbabal/hazelcast-cloud-sdk-go-new/graphql/graphql.go:51.14,53.5 1 1
github.com/huseyinbabal/hazelcast-cloud-sdk-go-new/graphql/graphql.go:63.48,66.42 3 1
github.com/huseyinbabal/hazelcast-cloud-sdk-go-new/graphql/graphql.go:77.2,77.56 1 1
github.com/huseyinbabal/hazelcast-cloud-sdk-go-new/graphql/graphql.go:66.42,68.56 2 1
github.com/huseyinbabal/hazelcast-cloud-sdk-go-new/graphql/graphql.go:75.3,75.93 1 1
github.com/huseyinbabal/hazelcast-cloud-sdk-go-new/graphql/graphql.go:68.56,70.4 1 1
github.com/huseyinbabal/hazelcast-cloud-sdk-go-new/graphql/graphql.go:70.9,70.30 1 1
github.com/huseyinbabal/hazelcast-cloud-sdk-go-new/graphql/graphql.go:70.30,72.4 1 1
github.com/huseyinbabal/hazelcast-cloud-sdk-go-new/graphql/graphql.go:72.9,74.4 1 1
github.com/huseyinbabal/hazelcast-cloud-sdk-go-new/graphql/graphql.go:81.58,82.18 1 1
github.com/huseyinbabal/hazelcast-cloud-sdk-go-new/graphql/graphql.go:85.2,87.24 3 1
github.com/huseyinbabal/hazelcast-cloud-sdk-go-new/graphql/graphql.go:90.2,91.26 2 1
github.com/huseyinbabal/hazelcast-cloud-sdk-go-new/graphql/graphql.go:94.2,94.25 1 1
github.com/huseyinbabal/hazelcast-cloud-sdk-go-new/graphql/graphql.go:82.18,84.3 1 1
github.com/huseyinbabal/hazelcast-cloud-sdk-go-new/graphql/graphql.go:87.24,88.21 1 0
github.com/huseyinbabal/hazelcast-cloud-sdk-go-new/graphql/graphql.go:91.26,92.23 1 1
github.com/huseyinbabal/hazelcast-cloud-sdk-go-new/graphql/graphql.go:98.37,99.26 1 1
github.com/huseyinbabal/hazelcast-cloud-sdk-go-new/graphql/graphql.go:102.2,102.11 1 0
github.com/huseyinbabal/hazelcast-cloud-sdk-go-new/graphql/graphql.go:99.26,101.3 1 1
github.com/huseyinbabal/hazelcast-cloud-sdk-go-new/auth.go:17.49,19.2 1 1
github.com/huseyinbabal/hazelcast-cloud-sdk-go-new/auth.go:22.111,31.16 4 1
github.com/huseyinbabal/hazelcast-cloud-sdk-go-new/auth.go:35.2,36.16 2 1
github.com/huseyinbabal/hazelcast-cloud-sdk-go-new/auth.go:40.2,40.26 1 1
github.com/huseyinbabal/hazelcast-cloud-sdk-go-new/auth.go:31.16,33.3 1 0
github.com/huseyinbabal/hazelcast-cloud-sdk-go-new/auth.go:36.16,38.3 1 1
github.com/huseyinbabal/hazelcast-cloud-sdk-go-new/availability_zone.go:17.73,19.2 1 1
github.com/huseyinbabal/hazelcast-cloud-sdk-go-new/availability_zone.go:22.146,32.16 4 1
github.com/huseyinbabal/hazelcast-cloud-sdk-go-new/availability_zone.go:36.2,37.16 2 1
github.com/huseyinbabal/hazelcast-cloud-sdk-go-new/availability_zone.go:41.2,41.41 1 1
github.com/huseyinbabal/hazelcast-cloud-sdk-go-new/availability_zone.go:32.16,34.3 1 0
github.com/huseyinbabal/hazelcast-cloud-sdk-go-new/availability_zone.go:37.16,39.3 1 0
github.com/huseyinbabal/hazelcast-cloud-sdk-go-new/cloud_provider.go:17.67,19.2 1 1
github.com/huseyinbabal/hazelcast-cloud-sdk-go-new/cloud_provider.go:22.103,32.16 4 1
github.com/huseyinbabal/hazelcast-cloud-sdk-go-new/cloud_provider.go:36.2,37.16 2 1
github.com/huseyinbabal/hazelcast-cloud-sdk-go-new/cloud_provider.go:41.2,41.38 1 1
github.com/huseyinbabal/hazelcast-cloud-sdk-go-new/cloud_provider.go:32.16,34.3 1 0
github.com/huseyinbabal/hazelcast-cloud-sdk-go-new/cloud_provider.go:37.16,39.3 1 0
github.com/huseyinbabal/hazelcast-cloud-sdk-go-new/hazelcast_version.go:17.73,19.2 1 1
github.com/huseyinbabal/hazelcast-cloud-sdk-go-new/hazelcast_version.go:22.119,33.16 4 1
github.com/huseyinbabal/hazelcast-cloud-sdk-go-new/hazelcast_version.go:37.2,38.16 2 1
github.com/huseyinbabal/hazelcast-cloud-sdk-go-new/hazelcast_version.go:42.2,42.41 1 1
github.com/huseyinbabal/hazelcast-cloud-sdk-go-new/hazelcast_version.go:33.16,35.3 1 0
github.com/huseyinbabal/hazelcast-cloud-sdk-go-new/hazelcast_version.go:38.16,40.3 1 0
github.com/huseyinbabal/hazelcast-cloud-sdk-go-new/region.go:17.53,19.2 1 1
github.com/huseyinbabal/hazelcast-cloud-sdk-go-new/region.go:22.116,32.16 4 1
github.com/huseyinbabal/hazelcast-cloud-sdk-go-new/region.go:36.2,37.16 2 1
github.com/huseyinbabal/hazelcast-cloud-sdk-go-new/region.go:41.2,41.31 1 1
github.com/huseyinbabal/hazelcast-cloud-sdk-go-new/region.go:32.16,34.3 1 0
github.com/huseyinbabal/hazelcast-cloud-sdk-go-new/region.go:37.16,39.3 1 0
github.com/huseyinbabal/hazelcast-cloud-sdk-go-new/starter_cluster.go:22.69,24.2 1 1
github.com/huseyinbabal/hazelcast-cloud-sdk-go-new/starter_cluster.go:27.133,37.16 4 1
github.com/huseyinbabal/hazelcast-cloud-sdk-go-new/starter_cluster.go:41.2,42.16 2 1
github.com/huseyinbabal/hazelcast-cloud-sdk-go-new/starter_cluster.go:46.2,46.28 1 1
github.com/huseyinbabal/hazelcast-cloud-sdk-go-new/starter_cluster.go:37.16,39.3 1 0
github.com/huseyinbabal/hazelcast-cloud-sdk-go-new/starter_cluster.go:42.16,44.3 1 0
github.com/huseyinbabal/hazelcast-cloud-sdk-go-new/starter_cluster.go:50.139,60.16 4 1
github.com/huseyinbabal/hazelcast-cloud-sdk-go-new/starter_cluster.go:64.2,65.16 2 1
github.com/huseyinbabal/hazelcast-cloud-sdk-go-new/starter_cluster.go:69.2,69.28 1 1
github.com/huseyinbabal/hazelcast-cloud-sdk-go-new/starter_cluster.go:60.16,62.3 1 0
github.com/huseyinbabal/hazelcast-cloud-sdk-go-new/starter_cluster.go:65.16,67.3 1 0
github.com/huseyinbabal/hazelcast-cloud-sdk-go-new/starter_cluster.go:73.98,85.16 4 1
github.com/huseyinbabal/hazelcast-cloud-sdk-go-new/starter_cluster.go:89.2,90.16 2 1
github.com/huseyinbabal/hazelcast-cloud-sdk-go-new/starter_cluster.go:94.2,94.32 1 1
github.com/huseyinbabal/hazelcast-cloud-sdk-go-new/starter_cluster.go:85.16,87.3 1 0
github.com/huseyinbabal/hazelcast-cloud-sdk-go-new/starter_cluster.go:90.16,92.3 1 0
github.com/huseyinbabal/hazelcast-cloud-sdk-go-new/starter_cluster.go:98.134,108.16 4 1
github.com/huseyinbabal/hazelcast-cloud-sdk-go-new/starter_cluster.go:112.2,113.16 2 1
github.com/huseyinbabal/hazelcast-cloud-sdk-go-new/starter_cluster.go:117.2,117.30 1 1
github.com/huseyinbabal/hazelcast-cloud-sdk-go-new/starter_cluster.go:108.16,110.3 1 0
github.com/huseyinbabal/hazelcast-cloud-sdk-go-new/starter_cluster.go:113.16,115.3 1 0
github.com/huseyinbabal/hazelcast-cloud-sdk-go-new/starter_cluster.go:121.130,131.16 4 1
github.com/huseyinbabal/hazelcast-cloud-sdk-go-new/starter_cluster.go:135.2,136.16 2 1
github.com/huseyinbabal/hazelcast-cloud-sdk-go-new/starter_cluster.go:140.2,140.30 1 1
github.com/huseyinbabal/hazelcast-cloud-sdk-go-new/starter_cluster.go:131.16,133.3 1 0
github.com/huseyinbabal/hazelcast-cloud-sdk-go-new/starter_cluster.go:136.16,138.3 1 0
github.com/huseyinbabal/hazelcast-cloud-sdk-go-new/starter_cluster.go:144.134,154.16 4 1
github.com/huseyinbabal/hazelcast-cloud-sdk-go-new/starter_cluster.go:158.2,159.16 2 1
github.com/huseyinbabal/hazelcast-cloud-sdk-go-new/starter_cluster.go:163.2,163.30 1 1
github.com/huseyinbabal/hazelcast-cloud-sdk-go-new/starter_cluster.go:154.16,156.3 1 0
github.com/huseyinbabal/hazelcast-cloud-sdk-go-new/starter_cluster.go:159.16,161.3 1 0
github.com/huseyinbabal/hazelcast-cloud-sdk-go-new/enterprise_cluster.go:20.75,22.2 1 1
github.com/huseyinbabal/hazelcast-cloud-sdk-go-new/enterprise_cluster.go:25.139,35.16 4 1
github.com/huseyinbabal/hazelcast-cloud-sdk-go-new/enterprise_cluster.go:39.2,40.16 2 1
github.com/huseyinbabal/hazelcast-cloud-sdk-go-new/enterprise_cluster.go:44.2,44.28 1 1
github.com/huseyinbabal/hazelcast-cloud-sdk-go-new/enterprise_cluster.go:35.16,37.3 1 0
github.com/huseyinbabal/hazelcast-cloud-sdk-go-new/enterprise_cluster.go:40.16,42.3 1 0
github.com/huseyinbabal/hazelcast-cloud-sdk-go-new/enterprise_cluster.go:48.145,58.16 4 1
github.com/huseyinbabal/hazelcast-cloud-sdk-go-new/enterprise_cluster.go:62.2,63.16 2 1
github.com/huseyinbabal/hazelcast-cloud-sdk-go-new/enterprise_cluster.go:67.2,67.28 1 1
github.com/huseyinbabal/hazelcast-cloud-sdk-go-new/enterprise_cluster.go:58.16,60.3 1 0
github.com/huseyinbabal/hazelcast-cloud-sdk-go-new/enterprise_cluster.go:63.16,65.3 1 0
github.com/huseyinbabal/hazelcast-cloud-sdk-go-new/enterprise_cluster.go:71.101,83.16 4 1
github.com/huseyinbabal/hazelcast-cloud-sdk-go-new/enterprise_cluster.go:87.2,88.16 2 1
github.com/huseyinbabal/hazelcast-cloud-sdk-go-new/enterprise_cluster.go:92.2,92.32 1 1
github.com/huseyinbabal/hazelcast-cloud-sdk-go-new/enterprise_cluster.go:83.16,85.3 1 0
github.com/huseyinbabal/hazelcast-cloud-sdk-go-new/enterprise_cluster.go:88.16,90.3 1 0
github.com/huseyinbabal/hazelcast-cloud-sdk-go-new/enterprise_cluster.go:96.137,106.16 4 1
github.com/huseyinbabal/hazelcast-cloud-sdk-go-new/enterprise_cluster.go:110.2,111.16 2 1
github.com/huseyinbabal/hazelcast-cloud-sdk-go-new/enterprise_cluster.go:115.2,115.30 1 1
github.com/huseyinbabal/hazelcast-cloud-sdk-go-new/enterprise_cluster.go:106.16,108.3 1 0
github.com/huseyinbabal/hazelcast-cloud-sdk-go-new/enterprise_cluster.go:111.16,113.3 1 0
github.com/huseyinbabal/hazelcast-cloud-sdk-go-new/hazelcast_cloud.go:66.67,68.2 1 0
github.com/huseyinbabal/hazelcast-cloud-sdk-go-new/hazelcast_cloud.go:72.45,73.25 1 1
github.com/huseyinbabal/hazelcast-cloud-sdk-go-new/hazelcast_cloud.go:73.25,75.17 2 1
github.com/huseyinbabal/hazelcast-cloud-sdk-go-new/hazelcast_cloud.go:78.3,78.22 1 1
github.com/huseyinbabal/hazelcast-cloud-sdk-go-new/hazelcast_cloud.go:75.17,76.14 1 0
github.com/huseyinbabal/hazelcast-cloud-sdk-go-new/hazelcast_cloud.go:83.68,84.23 1 1
github.com/huseyinbabal/hazelcast-cloud-sdk-go-new/hazelcast_cloud.go:88.2,101.33 11 1
github.com/huseyinbabal/hazelcast-cloud-sdk-go-new/hazelcast_cloud.go:105.2,105.10 1 1
github.com/huseyinbabal/hazelcast-cloud-sdk-go-new/hazelcast_cloud.go:84.23,86.3 1 1
github.com/huseyinbabal/hazelcast-cloud-sdk-go-new/hazelcast_cloud.go:101.33,103.3 1 1
github.com/huseyinbabal/hazelcast-cloud-sdk-go-new/hazelcast_cloud.go:109.57,112.83 3 1
github.com/huseyinbabal/hazelcast-cloud-sdk-go-new/hazelcast_cloud.go:119.2,119.58 1 0
github.com/huseyinbabal/hazelcast-cloud-sdk-go-new/hazelcast_cloud.go:112.83,118.3 1 1
github.com/huseyinbabal/hazelcast-cloud-sdk-go-new/hazelcast_cloud.go:123.105,130.21 3 1
github.com/huseyinbabal/hazelcast-cloud-sdk-go-new/hazelcast_cloud.go:133.2,134.31 2 1
github.com/huseyinbabal/hazelcast-cloud-sdk-go-new/hazelcast_cloud.go:130.21,132.3 1 1
github.com/huseyinbabal/hazelcast-cloud-sdk-go-new/hazelcast_cloud.go:138.81,147.22 4 1
github.com/huseyinbabal/hazelcast-cloud-sdk-go-new/hazelcast_cloud.go:151.2,152.23 2 1
github.com/huseyinbabal/hazelcast-cloud-sdk-go-new/hazelcast_cloud.go:156.2,159.19 4 1
github.com/huseyinbabal/hazelcast-cloud-sdk-go-new/hazelcast_cloud.go:162.2,162.17 1 1
github.com/huseyinbabal/hazelcast-cloud-sdk-go-new/hazelcast_cloud.go:147.22,149.3 1 0
github.com/huseyinbabal/hazelcast-cloud-sdk-go-new/hazelcast_cloud.go:152.23,154.3 1 0
github.com/huseyinbabal/hazelcast-cloud-sdk-go-new/hazelcast_cloud.go:159.19,161.3 1 1
github.com/huseyinbabal/hazelcast-cloud-sdk-go-new/hazelcast_cloud.go:167.95,170.20 2 1
github.com/huseyinbabal/hazelcast-cloud-sdk-go-new/hazelcast_cloud.go:174.2,174.33 1 1
github.com/huseyinbabal/hazelcast-cloud-sdk-go-new/hazelcast_cloud.go:178.2,186.25 7 1
github.com/huseyinbabal/hazelcast-cloud-sdk-go-new/hazelcast_cloud.go:190.2,190.14 1 1
github.com/huseyinbabal/hazelcast-cloud-sdk-go-new/hazelcast_cloud.go:209.2,209.22 1 1
github.com/huseyinbabal/hazelcast-cloud-sdk-go-new/hazelcast_cloud.go:170.20,172.3 1 0
github.com/huseyinbabal/hazelcast-cloud-sdk-go-new/hazelcast_cloud.go:174.33,176.3 1 0
github.com/huseyinbabal/hazelcast-cloud-sdk-go-new/hazelcast_cloud.go:186.25,188.3 1 1
github.com/huseyinbabal/hazelcast-cloud-sdk-go-new/hazelcast_cloud.go:190.14,191.33 1 1
github.com/huseyinbabal/hazelcast-cloud-sdk-go-new/hazelcast_cloud.go:191.33,193.22 2 0
github.com/huseyinbabal/hazelcast-cloud-sdk-go-new/hazelcast_cloud.go:193.22,195.5 1 0
github.com/huseyinbabal/hazelcast-cloud-sdk-go-new/hazelcast_cloud.go:196.9,198.67 2 1
github.com/huseyinbabal/hazelcast-cloud-sdk-go-new/hazelcast_cloud.go:201.4,203.24 3 1
github.com/huseyinbabal/hazelcast-cloud-sdk-go-new/hazelcast_cloud.go:198.67,200.5 1 0
github.com/huseyinbabal/hazelcast-cloud-sdk-go-new/hazelcast_cloud.go:203.24,205.5 1 0
github.com/huseyinbabal/hazelcast-cloud-sdk-go-new/hazelcast_cloud.go:213.63,215.16 2 1
github.com/huseyinbabal/hazelcast-cloud-sdk-go-new/hazelcast_cloud.go:219.2,219.48 1 1
github.com/huseyinbabal/hazelcast-cloud-sdk-go-new/hazelcast_cloud.go:227.2,228.65 2 1
github.com/huseyinbabal/hazelcast-cloud-sdk-go-new/hazelcast_cloud.go:232.2,233.20 2 1
github.com/huseyinbabal/hazelcast-cloud-sdk-go-new/hazelcast_cloud.go:237.2,238.31 2 1
github.com/huseyinbabal/hazelcast-cloud-sdk-go-new/hazelcast_cloud.go:242.2,243.94 2 1
github.com/huseyinbabal/hazelcast-cloud-sdk-go-new/hazelcast_cloud.go:247.2,250.24 4 1
github.com/huseyinbabal/hazelcast-cloud-sdk-go-new/hazelcast_cloud.go:215.16,217.3 1 0
github.com/huseyinbabal/hazelcast-cloud-sdk-go-new/hazelcast_cloud.go:219.48,225.3 1 0
github.com/huseyinbabal/hazelcast-cloud-sdk-go-new/hazelcast_cloud.go:228.65,230.3 1 0
github.com/huseyinbabal/hazelcast-cloud-sdk-go-new/hazelcast_cloud.go:233.20,235.3 1 1
github.com/huseyinbabal/hazelcast-cloud-sdk-go-new/hazelcast_cloud.go:238.31,240.3 1 0
github.com/huseyinbabal/hazelcast-cloud-sdk-go-new/hazelcast_cloud.go:243.94,245.3 1 0
github.com/huseyinbabal/hazelcast-cloud-sdk-go-new/hazelcast_cloud.go:254.40,255.27 1 1
github.com/huseyinbabal/hazelcast-cloud-sdk-go-new/hazelcast_cloud.go:259.2,259.147 1 1
github.com/huseyinbabal/hazelcast-cloud-sdk-go-new/hazelcast_cloud.go:255.27,258.3 1 0
github.com/huseyinbabal/hazelcast-cloud-sdk-go-new/hazelcast_cloud.go:270.46,275.2 3 1
github.com/huseyinbabal/hazelcast-cloud-sdk-go-new/hazelcast_cloud.go:278.35,279.57 1 1
github.com/huseyinbabal/hazelcast-cloud-sdk-go-new/hazelcast_cloud.go:282.2,282.69 1 1
github.com/huseyinbabal/hazelcast-cloud-sdk-go-new/hazelcast_cloud.go:285.2,285.57 1 1
github.com/huseyinbabal/hazelcast-cloud-sdk-go-new/hazelcast_cloud.go:279.57,281.3 1 0
github.com/huseyinbabal/hazelcast-cloud-sdk-go-new/hazelcast_cloud.go:282.69,284.3 1 0
github.com/huseyinbabal/hazelcast-cloud-sdk-go-new/hazelcast_cloud.go:285.57,288.3 2 0
github.com/huseyinbabal/hazelcast-cloud-sdk-go-new/hazelcast_cloud.go:295.45,298.2 2 1
github.com/huseyinbabal/hazelcast-cloud-sdk-go-new/instance_type.go:17.65,19.2 1 1
github.com/huseyinbabal/hazelcast-cloud-sdk-go-new/instance_type.go:22.134,32.16 4 1
github.com/huseyinbabal/hazelcast-cloud-sdk-go-new/instance_type.go:36.2,37.16 2 1
github.com/huseyinbabal/hazelcast-cloud-sdk-go-new/instance_type.go:41.2,41.37 1 1
github.com/huseyinbabal/hazelcast-cloud-sdk-go-new/instance_type.go:32.16,34.3 1 0
github.com/huseyinbabal/hazelcast-cloud-sdk-go-new/instance_type.go:37.16,39.3 1 0
